<?xml version="1.0" encoding="UTF-8"?>
<testsuite xmlns:xsi="http://www.w3.org/2001/XMLSchema-instance" xsi:noNamespaceSchemaLocation="https://maven.apache.org/surefire/maven-surefire-plugin/xsd/surefire-test-report-3.0.xsd" version="3.0" name="at.fhj.iit.CalculatorImplTest" time="0.299" tests="27" errors="0" skipped="0" failures="0">
  <properties>
    <property name="java.specification.version" value="19"/>
    <property name="sun.cpu.isalist" value="amd64"/>
    <property name="sun.jnu.encoding" value="Cp1252"/>
    <property name="java.class.path" value="D:\FH-Joanneum\Semester5\ConDel\ConDelAbgabe_Jaeger_Kornsteiner_Wakonig\Uebung02\target\test-classes;D:\FH-Joanneum\Semester5\ConDel\ConDelAbgabe_Jaeger_Kornsteiner_Wakonig\Uebung02\target\classes;C:\Users\lionk\.m2\repository\org\junit\jupiter\junit-jupiter\5.9.0\junit-jupiter-5.9.0.jar;C:\Users\lionk\.m2\repository\org\junit\jupiter\junit-jupiter-api\5.9.0\junit-jupiter-api-5.9.0.jar;C:\Users\lionk\.m2\repository\org\opentest4j\opentest4j\1.2.0\opentest4j-1.2.0.jar;C:\Users\lionk\.m2\repository\org\junit\platform\junit-platform-commons\1.9.0\junit-platform-commons-1.9.0.jar;C:\Users\lionk\.m2\repository\org\apiguardian\apiguardian-api\1.1.2\apiguardian-api-1.1.2.jar;C:\Users\lionk\.m2\repository\org\junit\jupiter\junit-jupiter-engine\5.9.0\junit-jupiter-engine-5.9.0.jar;C:\Users\lionk\.m2\repository\org\junit\platform\junit-platform-engine\1.9.0\junit-platform-engine-1.9.0.jar;C:\Users\lionk\.m2\repository\org\junit\jupiter\junit-jupiter-params\5.9.0\junit-jupiter-params-5.9.0.jar;"/>
    <property name="java.vm.vendor" value="Oracle Corporation"/>
    <property name="sun.arch.data.model" value="64"/>
    <property name="user.variant" value=""/>
    <property name="java.vendor.url" value="https://java.oracle.com/"/>
    <property name="user.timezone" value="Europe/Vienna"/>
    <property name="user.country.format" value="AT"/>
    <property name="os.name" value="Windows 10"/>
    <property name="java.vm.specification.version" value="19"/>
    <property name="sun.java.launcher" value="SUN_STANDARD"/>
    <property name="user.country" value="US"/>
    <property name="sun.boot.library.path" value="C:\Program Files\Java\jdk-19\bin"/>
    <property name="sun.java.command" value="C:\Users\lionk\AppData\Local\Temp\surefire17267386594611401142\surefirebooter12303072062850675292.jar C:\Users\lionk\AppData\Local\Temp\surefire17267386594611401142 2023-02-12T14-51-38_639-jvmRun1 surefire1554848310940074224tmp surefire_02610785997954236216tmp"/>
    <property name="jdk.debug" value="release"/>
    <property name="surefire.test.class.path" value="D:\FH-Joanneum\Semester5\ConDel\ConDelAbgabe_Jaeger_Kornsteiner_Wakonig\Uebung02\target\test-classes;D:\FH-Joanneum\Semester5\ConDel\ConDelAbgabe_Jaeger_Kornsteiner_Wakonig\Uebung02\target\classes;C:\Users\lionk\.m2\repository\org\junit\jupiter\junit-jupiter\5.9.0\junit-jupiter-5.9.0.jar;C:\Users\lionk\.m2\repository\org\junit\jupiter\junit-jupiter-api\5.9.0\junit-jupiter-api-5.9.0.jar;C:\Users\lionk\.m2\repository\org\opentest4j\opentest4j\1.2.0\opentest4j-1.2.0.jar;C:\Users\lionk\.m2\repository\org\junit\platform\junit-platform-commons\1.9.0\junit-platform-commons-1.9.0.jar;C:\Users\lionk\.m2\repository\org\apiguardian\apiguardian-api\1.1.2\apiguardian-api-1.1.2.jar;C:\Users\lionk\.m2\repository\org\junit\jupiter\junit-jupiter-engine\5.9.0\junit-jupiter-engine-5.9.0.jar;C:\Users\lionk\.m2\repository\org\junit\platform\junit-platform-engine\1.9.0\junit-platform-engine-1.9.0.jar;C:\Users\lionk\.m2\repository\org\junit\jupiter\junit-jupiter-params\5.9.0\junit-jupiter-params-5.9.0.jar;"/>
    <property name="sun.cpu.endian" value="little"/>
    <property name="user.home" value="C:\Users\lionk"/>
    <property name="user.language" value="en"/>
    <property name="java.specification.vendor" value="Oracle Corporation"/>
    <property name="java.version.date" value="2022-10-18"/>
    <property name="java.home" value="C:\Program Files\Java\jdk-19"/>
    <property name="file.separator" value="\"/>
    <property name="basedir" value="D:\FH-Joanneum\Semester5\ConDel\ConDelAbgabe_Jaeger_Kornsteiner_Wakonig\Uebung02"/>
    <property name="java.vm.compressedOopsMode" value="Zero based"/>
    <property name="line.separator" value="&#10;"/>
    <property name="java.vm.specification.vendor" value="Oracle Corporation"/>
    <property name="java.specification.name" value="Java Platform API Specification"/>
    <property name="surefire.real.class.path" value="C:\Users\lionk\AppData\Local\Temp\surefire17267386594611401142\surefirebooter12303072062850675292.jar"/>
    <property name="user.script" value=""/>
    <property name="sun.management.compiler" value="HotSpot 64-Bit Tiered Compilers"/>
    <property name="java.runtime.version" value="19.0.1+10-21"/>
    <property name="user.name" value="lionk"/>
    <property name="stdout.encoding" value="Cp1252"/>
    <property name="path.separator" value=";"/>
    <property name="os.version" value="10.0"/>
    <property name="java.runtime.name" value="Java(TM) SE Runtime Environment"/>
    <property name="file.encoding" value="UTF-8"/>
    <property name="java.vm.name" value="Java HotSpot(TM) 64-Bit Server VM"/>
    <property name="localRepository" value="C:\Users\lionk\.m2\repository"/>
    <property name="java.vendor.url.bug" value="https://bugreport.java.com/bugreport/"/>
    <property name="java.io.tmpdir" value="C:\Users\lionk\AppData\Local\Temp\"/>
    <property name="java.version" value="19.0.1"/>
    <property name="user.dir" value="D:\FH-Joanneum\Semester5\ConDel\ConDelAbgabe_Jaeger_Kornsteiner_Wakonig\Uebung02"/>
    <property name="os.arch" value="amd64"/>
    <property name="java.vm.specification.name" value="Java Virtual Machine Specification"/>
    <property name="sun.os.patch.level" value=""/>
    <property name="native.encoding" value="Cp1252"/>
    <property name="java.library.path" value="C:\Program Files\Java\jdk-19\bin;C:\Windows\Sun\Java\bin;C:\Windows\system32;C:\Windows;C:\Users\lionk\bin;C:\Program Files\Git\mingw64\bin;C:\Program Files\Git\usr\local\bin;C:\Program Files\Git\usr\bin;C:\Program Files\Git\usr\bin;C:\Program Files\Git\mingw64\bin;C:\Program Files\Git\usr\bin;C:\Users\lionk\bin;C:\Program Files\Common Files\Oracle\Java\javapath;C:\Windows\system32;C:\Windows;C:\Windows\System32\Wbem;C:\Windows\System32\WindowsPowerShell\v1.0;C:\Windows\System32\OpenSSH;C:\Program Files (x86)\NVIDIA Corporation\PhysX\Common;C:\Program Files\NVIDIA Corporation\NVIDIA NvDLISR;C:\Program Files\Git\cmd;D:\Program Files\nodejs;C:\Program Files\dotnet;C:\Program Files\Kubernetes\Minikube;C:\minikube;C:\Program Files\Docker\Docker\resources\bin;C:\ProgramData\DockerDesktop\version-bin;C:\Program Files\Azure Data Studio\bin;C:\program files (x86)\iracing\d3dgear;C:\Program Files (x86)\dotnet;C:\Users\lionk\AppData\Local\Programs\Python\Python311\Scripts;C:\Users\lionk\AppData\Local\Programs\Python\Python311;C:\Users\lionk\AppData\Local\Microsoft\WindowsApps;C:\Users\lionk\AppData\Roaming\npm;C:\Users\lionk\.dotnet\tools;C:\Program Files\Azure Data Studio\bin;C:\Users\lionk\AppData\Local\JetBrains\Toolbox\scripts;C:\Users\lionk\AppData\Local\Android\Sdk\platform-tools;C:\Users\lionk\.dotnet\tools;C:\Program Files\Git\usr\bin\vendor_perl;C:\Program Files\Git\usr\bin\core_perl;."/>
    <property name="java.vm.info" value="mixed mode, sharing"/>
    <property name="stderr.encoding" value="Cp1252"/>
    <property name="java.vendor" value="Oracle Corporation"/>
    <property name="java.vm.version" value="19.0.1+10-21"/>
    <property name="sun.io.unicode.encoding" value="UnicodeLittle"/>
    <property name="java.class.version" value="63.0"/>
  </properties>
  <testcase name="testFaculty(int, int)[1]" classname="at.fhj.iit.CalculatorImplTest" time="0.083"/>
  <testcase name="testFaculty(int, int)[2]" classname="at.fhj.iit.CalculatorImplTest" time="0.002"/>
  <testcase name="testFaculty(int, int)[3]" classname="at.fhj.iit.CalculatorImplTest" time="0.002"/>
  <testcase name="testFaculty(int, int)[4]" classname="at.fhj.iit.CalculatorImplTest" time="0.002"/>
  <testcase name="testFaculty(int, int)[5]" classname="at.fhj.iit.CalculatorImplTest" time="0.002"/>
  <testcase name="testFaculty(int, int)[6]" classname="at.fhj.iit.CalculatorImplTest" time="0.002"/>
  <testcase name="testFaculty(int, int)[7]" classname="at.fhj.iit.CalculatorImplTest" time="0.001"/>
  <testcase name="testFaculty(int, int)[8]" classname="at.fhj.iit.CalculatorImplTest" time="0.001"/>
  <testcase name="testAdd(double, double, double)[1]" classname="at.fhj.iit.CalculatorImplTest" time="0.007"/>
  <testcase name="testAdd(double, double, double)[2]" classname="at.fhj.iit.CalculatorImplTest" time="0.001"/>
  <testcase name="testAdd(double, double, double)[3]" classname="at.fhj.iit.CalculatorImplTest" time="0.002"/>
  <testcase name="testAdd(double, double, double)[4]" classname="at.fhj.iit.CalculatorImplTest" time="0.002"/>
  <testcase name="testAdd(double, double, double)[5]" classname="at.fhj.iit.CalculatorImplTest" time="0.001"/>
  <testcase name="testAdd(double, double, double)[6]" classname="at.fhj.iit.CalculatorImplTest" time="0.001"/>
  <testcase name="testAdd(double, double, double)[7]" classname="at.fhj.iit.CalculatorImplTest" time="0.001"/>
  <testcase name="testMinus" classname="at.fhj.iit.CalculatorImplTest" time="0.002"/>
  <testcase name="testSumOfNaturalNumbers" classname="at.fhj.iit.CalculatorImplTest" time="0.001"/>
  <testcase name="testDivideWithZero" classname="at.fhj.iit.CalculatorImplTest" time="0.011"/>
  <testcase name="testDivide" classname="at.fhj.iit.CalculatorImplTest" time="0.001"/>
  <testcase name="testMultiply" classname="at.fhj.iit.CalculatorImplTest" time="0.002"/>
  <testcase name="testMinusMore(double, double, double)[1]" classname="at.fhj.iit.CalculatorImplTest" time="0.001"/>
  <testcase name="testMinusMore(double, double, double)[2]" classname="at.fhj.iit.CalculatorImplTest" time="0.001"/>
  <testcase name="testMinusMore(double, double, double)[3]" classname="at.fhj.iit.CalculatorImplTest" time="0.001"/>
  <testcase name="testMinusMore(double, double, double)[4]" classname="at.fhj.iit.CalculatorImplTest" time="0.001"/>
  <testcase name="testMinusMore(double, double, double)[5]" classname="at.fhj.iit.CalculatorImplTest" time="0.001"/>
  <testcase name="testMinusMore(double, double, double)[6]" classname="at.fhj.iit.CalculatorImplTest" time="0.001"/>
  <testcase name="testMinusMore(double, double, double)[7]" classname="at.fhj.iit.CalculatorImplTest" time="0.001"/>
</testsuite>